<?xml version="1.0" encoding="UTF-8"?>
<testng-results ignored="0" total="1" passed="1" failed="0" skipped="0">
  <reporter-output>
  </reporter-output>
  <suite started-at="2024-06-07T07:32:04Z" name="Default suite" finished-at="2024-06-07T07:33:58Z" duration-ms="113729">
    <groups>
    </groups>
    <test started-at="2024-06-07T07:32:04Z" name="Default test" finished-at="2024-06-07T07:33:58Z" duration-ms="113729">
      <class name="com.sample1.Google">
        <test-method signature="hello()[pri:0, instance:com.sample1.Google@6e2aa843]" started-at="2024-06-06T19:32:04Z" name="hello" finished-at="2024-06-06T19:33:58Z" duration-ms="113619" status="PASS">
          <reporter-output>
          </reporter-output>
        </test-method> <!-- hello -->
      </class> <!-- com.sample1.Google -->
    </test> <!-- Default test -->
  </suite> <!-- Default suite -->
</testng-results>
